<?xml version="1.0" encoding="UTF-8"?>
<!-- Generated by org.testng.reporters.JUnitReportReporter -->
<testsuite skipped="0" hostname="DESKTOP-PGDBN7P" name="test.ExtentReportDemoWithTestNG" tests="1" failures="0" timestamp="02 Feb 2019 18:43:15 GMT" time="0.143" errors="0">
  <testcase name="test1" time="0.143" classname="test.ExtentReportDemoWithTestNG"/>
</testsuite> <!-- test.ExtentReportDemoWithTestNG -->
