<?xml version="1.0" encoding="UTF-8"?>
<!-- Generated by org.testng.reporters.JUnitReportReporter -->
<testsuite skipped="0" hostname="DESKTOP-PGDBN7P" name="demo1.TestNGParameterDemo" tests="1" failures="0" timestamp="05 Feb 2019 22:12:48 GMT" time="0.220" errors="0">
  <testcase name="test" time="0.220" classname="demo1.TestNGParameterDemo"/>
</testsuite> <!-- demo1.TestNGParameterDemo -->
