<?xml version="1.0" encoding="UTF-8"?>
<!-- Generated by org.testng.reporters.JUnitReportReporter -->
<testsuite skipped="1" hostname="DESKTOP-PGDBN7P" name="demo.TestNGIgnoreDemo" tests="2" failures="0" timestamp="06 Feb 2019 21:16:54 GMT" time="0.074" errors="0">
  <testcase name="test2" time="0.074" classname="demo.TestNGIgnoreDemo"/>
  <testcase name="test1" classname="demo.TestNGIgnoreDemo">
    <skipped/>
  </testcase> <!-- test1 -->
</testsuite> <!-- demo.TestNGIgnoreDemo -->
