<?xml version="1.0" encoding="UTF-8"?>
<!-- Generated by org.testng.reporters.JUnitReportReporter -->
<testsuite skipped="0" hostname="DESKTOP-PGDBN7P" name="demo.TestNGDependencyDemo" tests="2" failures="0" timestamp="06 Feb 2019 21:06:24 GMT" time="0.089" errors="0">
  <testcase name="test1" time="0.013" classname="demo.TestNGDependencyDemo"/>
  <testcase name="test2" time="0.076" classname="demo.TestNGDependencyDemo"/>
</testsuite> <!-- demo.TestNGDependencyDemo -->
