<?xml version="1.0" encoding="UTF-8"?>
<!-- Generated by org.testng.reporters.JUnitReportReporter -->
<testsuite skipped="0" hostname="DESKTOP-PGDBN7P" name="demo1.TestNGGroupDemo" tests="2" failures="0" timestamp="05 Feb 2019 21:31:03 GMT" time="0.527" errors="0">
  <testcase name="test2" time="0.095" classname="demo1.TestNGGroupDemo"/>
  <testcase name="test1" time="0.432" classname="demo1.TestNGGroupDemo"/>
</testsuite> <!-- demo1.TestNGGroupDemo -->
