<?xml version="1.0" encoding="UTF-8"?>
<!-- Generated by org.testng.reporters.JUnitReportReporter -->
<testsuite skipped="1" hostname="DESKTOP-PGDBN7P" name="listeners.TestNGListenerDemo2" tests="3" failures="0" timestamp="04 Feb 2019 22:02:17 GMT" time="0.028" errors="0">
  <testcase name="test6" time="0.010" classname="listeners.TestNGListenerDemo2">
    <skipped/>
  </testcase> <!-- test6 -->
  <testcase name="test4" time="0.004" classname="listeners.TestNGListenerDemo2"/>
  <testcase name="test5" time="0.014" classname="listeners.TestNGListenerDemo2"/>
</testsuite> <!-- listeners.TestNGListenerDemo2 -->
