<?xml version="1.0" encoding="UTF-8"?>
<!-- Generated by org.testng.reporters.JUnitReportReporter -->
<testsuite skipped="0" hostname="DESKTOP-PGDBN7P" name="util.ExcelDataProvider" tests="2" failures="0" timestamp="04 Feb 2019 21:46:17 GMT" time="0.051" errors="0">
  <testcase name="test1" time="0.005" classname="util.ExcelDataProvider"/>
  <testcase name="test1" time="0.046" classname="util.ExcelDataProvider"/>
</testsuite> <!-- util.ExcelDataProvider -->
