<?xml version="1.0" encoding="UTF-8"?>
<!-- Generated by org.testng.reporters.JUnitReportReporter -->
<testsuite skipped="0" hostname="DESKTOP-PGDBN7P" name="test.TestNG_Demo" tests="1" failures="0" timestamp="03 Feb 2019 15:06:34 GMT" time="22.127" errors="0">
  <testcase name="googleSearch2" time="22.127" classname="test.TestNG_Demo"/>
</testsuite> <!-- test.TestNG_Demo -->
