<?xml version="1.0" encoding="UTF-8"?>
<!-- Generated by org.testng.reporters.JUnitReportReporter -->
<testsuite skipped="0" hostname="DESKTOP-PGDBN7P" name="demo1.TestNGMultibrowserDemo" tests="3" failures="0" timestamp="05 Feb 2019 20:38:46 GMT" time="63.425" errors="0">
  <testcase name="test1" time="16.371" classname="demo1.TestNGMultibrowserDemo"/>
  <testcase name="test1" time="15.671" classname="demo1.TestNGMultibrowserDemo"/>
  <testcase name="test1" time="31.383" classname="demo1.TestNGMultibrowserDemo"/>
</testsuite> <!-- demo1.TestNGMultibrowserDemo -->
