<?xml version="1.0" encoding="UTF-8"?>
<!-- Generated by org.testng.reporters.JUnitReportReporter -->
<testsuite skipped="0" hostname="DESKTOP-PGDBN7P" name="demo1.TestNGPriority" tests="3" failures="0" timestamp="05 Feb 2019 19:59:48 GMT" time="0.077" errors="0">
  <testcase name="test1" time="0.063" classname="demo1.TestNGPriority"/>
  <testcase name="test2" time="0.009" classname="demo1.TestNGPriority"/>
  <testcase name="test3" time="0.005" classname="demo1.TestNGPriority"/>
</testsuite> <!-- demo1.TestNGPriority -->
